-------------------------------------------------------------------------------
Test set: com.javaexample.javaapi.JavaapiApplicationTests
-------------------------------------------------------------------------------
Tests run: 1, Failures: 0, Errors: 1, Skipped: 0, Time elapsed: 3.52 s <<< FAILURE! - in com.javaexample.javaapi.JavaapiApplicationTests
contextLoads(com.javaexample.javaapi.JavaapiApplicationTests)  Time elapsed: 0 s  <<< ERROR!
java.lang.IllegalStateException: Failed to load ApplicationContext
Caused by: org.springframework.beans.factory.BeanCreationException: Error creating bean with name 'entityManagerFactory' defined in class path resource [org/springframework/boot/autoconfigure/orm/jpa/HibernateJpaConfiguration.class]: Invocation of init method failed; nested exception is org.hibernate.AnnotationException: No identifier specified for entity: com.javaexample.javaapi.Contact
Caused by: org.hibernate.AnnotationException: No identifier specified for entity: com.javaexample.javaapi.Contact

